{"numFailedTestSuites":0,"numFailedTests":0,"numPassedTestSuites":1,"numPassedTests":8,"numPendingTestSuites":0,"numPendingTests":0,"numRuntimeErrorTestSuites":0,"numTodoTests":0,"numTotalTestSuites":1,"numTotalTests":8,"openHandles":[],"snapshot":{"added":0,"didUpdate":false,"failure":false,"filesAdded":0,"filesRemoved":0,"filesRemovedList":[],"filesUnmatched":0,"filesUpdated":0,"matched":0,"total":0,"unchecked":0,"uncheckedKeysByFile":[],"unmatched":0,"updated":0},"startTime":1639877867994,"success":true,"testResults":[{"assertionResults":[{"ancestorTitles":[],"failureMessages":[],"fullName":"should render","location":null,"status":"passed","title":"should render"},{"ancestorTitles":[],"failureMessages":[],"fullName":"should have property src=\"https://github.com/hugoleonardodev.png\"","location":null,"status":"passed","title":"should have property src=\"https://github.com/hugoleonardodev.png\""},{"ancestorTitles":[],"failureMessages":[],"fullName":"should have property alt=\"https://github.com/hugoleonardodev.png\"","location":null,"status":"passed","title":"should have property alt=\"https://github.com/hugoleonardodev.png\""},{"ancestorTitles":[],"failureMessages":[],"fullName":"should have attribute shape=\"rounded\"","location":null,"status":"passed","title":"should have attribute shape=\"rounded\""},{"ancestorTitles":[],"failureMessages":[],"fullName":"should NOT have attribute hasShadow","location":null,"status":"passed","title":"should NOT have attribute hasShadow"},{"ancestorTitles":[],"failureMessages":[],"fullName":"should NOT have attribute size","location":null,"status":"passed","title":"should NOT have attribute size"},{"ancestorTitles":[],"failureMessages":[],"fullName":"should have styles={{ height: 72px, width: 72px, border-radius: 100px }}","location":null,"status":"passed","title":"should have styles={{ height: 72px, width: 72px, border-radius: 100px }}"},{"ancestorTitles":[],"failureMessages":[],"fullName":"should NOT have styles=\"box-shadow: 0 3px 30px rgb(0 0 0 / 50%), 0 3px 20px rgb(0 0 0 / 10%)\"","location":null,"status":"passed","title":"should NOT have styles=\"box-shadow: 0 3px 30px rgb(0 0 0 / 50%), 0 3px 20px rgb(0 0 0 / 10%)\""}],"endTime":1639877869119,"message":"","name":"/home/hugo/cra-ts/src/stories/Chip.spec.tsx","startTime":1639877868021,"status":"passed","summary":""}],"wasInterrupted":false}